Arguments: 
  C:\Program Files\nodejs\node.exe C:\Users\20112\AppData\Roaming\npm\node_modules\yarn\bin\yarn.js add vue-phone-number-input

PATH: 
  C:\Users\20112\bin;C:\Program Files\Git\mingw64\bin;C:\Program Files\Git\usr\local\bin;C:\Program Files\Git\usr\bin;C:\Program Files\Git\usr\bin;C:\Program Files\Git\mingw64\bin;C:\Program Files\Git\usr\bin;C:\Users\20112\bin;C:\oraclexe\app\oracle\product\11.2.0\server\bin;D:\Programs\WINDOWS.X64_193000_db_home\bin;C:\WINDOWS\system32;C:\WINDOWS;C:\WINDOWS\System32\Wbem;C:\WINDOWS\System32\WindowsPowerShell\v1.0;C:\WINDOWS\System32\OpenSSH;C:\Program Files\Git\cmd;C:\xampp\php;C:\Program Files\nodejs;C:\Users\20112\AppData\Local\Microsoft\WindowsApps;C:\Users\20112\AppData\Local\Programs\Microsoft VS Code\bin;C:\Users\20112\AppData\Local\GitHubDesktop\bin;C:\src\flutter\bin;C:\xampp\php;C:\Users\20112\AppData\Roaming\npm;C:\Program Files\Git\usr\bin\vendor_perl;C:\Program Files\Git\usr\bin\core_perl

Yarn version: 
  1.22.19

Node version: 
  18.16.0

Platform: 
  win32 x64

Trace: 
  Error: EPERM: operation not permitted, unlink 'D:\Company\Orca\accounting\node_modules\esbuild-windows-64\esbuild.exe'

npm manifest: 
  {
      "name": "arabpik-sell-content",
      "private": true,
      "version": "0.0.0",
      "scripts": {
          "dev": "vite",
          "build": "run-p build-only",
          "preview": "vite preview --port 4173",
          "build-only": "vite build",
          "type-check": "vue-tsc --noEmit"
      },
      "dependencies": {
          "@popperjs/core": "^2.11.7",
          "@vuelidate/core": "^2.0.0",
          "@vuelidate/validators": "^2.0.0",
          "apexcharts": "^3.37.3",
          "bootstrap": "^5.2.0",
          "bootstrap-vue": "^2.23.1",
          "build": "^0.1.4",
          "chart.js": "^4.1.1",
          "fslightbox-vue": "^2.1.1-2",
          "highcharts": "^10.3.3",
          "normalize.css": "^8.0.1",
          "pinia": "^2.0.22",
          "vee-validate": "^4.7.3",
          "vite-svg-loader": "^3.4.0",
          "vue": "^3.2.40",
          "vue-chartjs": "^5.1.0",
          "vue-i18n": "^9.1.10",
          "vue-inline-svg": "^3.1.0",
          "vue-router": "^4.1.2",
          "vue-select": "^4.0.0-beta.5",
          "vue-toastification": "^2.0.0-rc.5",
          "vue3-apexcharts": "^1.4.1",
          "vue3-carousel": "^0.3.1",
          "vue3-highcharts": "^0.1.3",
          "vue3-lottie": "^2.3.4",
          "vueperslides": "^3.5.1",
          "yup": "^0.32.11"
      },
      "devDependencies": {
          "@types/node": "^18.8.4",
          "@vitejs/plugin-vue": "^3.1.2",
          "@vue/tsconfig": "^0.1.3",
          "intl-tel-input": "^17.0.18",
          "npm-run-all": "^4.1.5",
          "sass": "^1.54.0",
          "typescript": "~4.7.4",
          "vite": "^3.1.4",
          "vue-tsc": "^0.40.7"
      }
  }

yarn manifest: 
  No manifest

Lockfile: 
  No lockfile
